[[1;34mINFO[m] Scanning for projects...
[[1;34mINFO[m] 
[[1;34mINFO[m] [1m---------------------< [0;36mphoenix-trello:pageobjecs[0;1m >----------------------[m
[[1;34mINFO[m] [1mBuilding pageobjecs 1.0-SNAPSHOT[m
[[1;34mINFO[m] [1m--------------------------------[ jar ]---------------------------------[m
[[1;34mINFO[m] 
[[1;34mINFO[m] [1m--- [0;32mexec-maven-plugin:3.0.0:java[m [1m(default-cli)[m @ [36mpageobjecs[0;1m ---[m
[CodeCoverage]: running code coverage...
[CodeCoverage]: Running suite - TestSuite
[MutationTesting]: Number of tests to execute - 7
[MutationTesting]: Starting execution of - test6
[MutationTesting]: Finished execution of - test6
[MutationTesting]: Starting execution of - test2
[MutationTesting]: Finished execution of - test2
[MutationTesting]: Starting execution of - test3
[MutationTesting]: Test execution failed - test3
Stacktrace: java.lang.IllegalStateException: LoginContainerPage not loaded properly
	at po.login.pages.LoginContainerPage.<init>(LoginContainerPage.java:22)
	at main.ClassUnderTest.<init>(ClassUnderTest.java:25)
	at main.ClassUnderTest_ESTest.test3(ClassUnderTest_ESTest.java:201)
	at sun.reflect.NativeMethodAccessorImpl.invoke0(Native Method)
	at sun.reflect.NativeMethodAccessorImpl.invoke(NativeMethodAccessorImpl.java:62)
	at sun.reflect.DelegatingMethodAccessorImpl.invoke(DelegatingMethodAccessorImpl.java:43)
	at java.lang.reflect.Method.invoke(Method.java:498)
	at org.junit.runners.model.FrameworkMethod$1.runReflectiveCall(FrameworkMethod.java:50)
	at org.junit.internal.runners.model.ReflectiveCallable.run(ReflectiveCallable.java:12)
	at org.junit.runners.model.FrameworkMethod.invokeExplosively(FrameworkMethod.java:47)
	at org.junit.internal.runners.statements.InvokeMethod.evaluate(InvokeMethod.java:17)
	at org.junit.internal.runners.statements.FailOnTimeout$CallableStatement.call(FailOnTimeout.java:298)
	at org.junit.internal.runners.statements.FailOnTimeout$CallableStatement.call(FailOnTimeout.java:292)
	at java.util.concurrent.FutureTask.run(FutureTask.java:266)
	at java.lang.Thread.run(Thread.java:748)

[MutationTesting]: Finished execution of - test3
[MutationTesting]: Starting execution of - test4
[MutationTesting]: Test execution failed - test4
Stacktrace: java.lang.IllegalStateException: LoginContainerPage not loaded properly
	at po.login.pages.LoginContainerPage.<init>(LoginContainerPage.java:22)
	at main.ClassUnderTest.<init>(ClassUnderTest.java:25)
	at main.ClassUnderTest_ESTest.test4(ClassUnderTest_ESTest.java:249)
	at sun.reflect.NativeMethodAccessorImpl.invoke0(Native Method)
	at sun.reflect.NativeMethodAccessorImpl.invoke(NativeMethodAccessorImpl.java:62)
	at sun.reflect.DelegatingMethodAccessorImpl.invoke(DelegatingMethodAccessorImpl.java:43)
	at java.lang.reflect.Method.invoke(Method.java:498)
	at org.junit.runners.model.FrameworkMethod$1.runReflectiveCall(FrameworkMethod.java:50)
	at org.junit.internal.runners.model.ReflectiveCallable.run(ReflectiveCallable.java:12)
	at org.junit.runners.model.FrameworkMethod.invokeExplosively(FrameworkMethod.java:47)
	at org.junit.internal.runners.statements.InvokeMethod.evaluate(InvokeMethod.java:17)
	at org.junit.internal.runners.statements.FailOnTimeout$CallableStatement.call(FailOnTimeout.java:298)
	at org.junit.internal.runners.statements.FailOnTimeout$CallableStatement.call(FailOnTimeout.java:292)
	at java.util.concurrent.FutureTask.run(FutureTask.java:266)
	at java.lang.Thread.run(Thread.java:748)

[MutationTesting]: Finished execution of - test4
[MutationTesting]: Starting execution of - test5
[MutationTesting]: Test execution failed - test5
Stacktrace: java.lang.IllegalStateException: LoginContainerPage not loaded properly
	at po.login.pages.LoginContainerPage.<init>(LoginContainerPage.java:22)
	at main.ClassUnderTest.<init>(ClassUnderTest.java:25)
	at main.ClassUnderTest_ESTest.test5(ClassUnderTest_ESTest.java:293)
	at sun.reflect.NativeMethodAccessorImpl.invoke0(Native Method)
	at sun.reflect.NativeMethodAccessorImpl.invoke(NativeMethodAccessorImpl.java:62)
	at sun.reflect.DelegatingMethodAccessorImpl.invoke(DelegatingMethodAccessorImpl.java:43)
	at java.lang.reflect.Method.invoke(Method.java:498)
	at org.junit.runners.model.FrameworkMethod$1.runReflectiveCall(FrameworkMethod.java:50)
	at org.junit.internal.runners.model.ReflectiveCallable.run(ReflectiveCallable.java:12)
	at org.junit.runners.model.FrameworkMethod.invokeExplosively(FrameworkMethod.java:47)
	at org.junit.internal.runners.statements.InvokeMethod.evaluate(InvokeMethod.java:17)
	at org.junit.internal.runners.statements.FailOnTimeout$CallableStatement.call(FailOnTimeout.java:298)
	at org.junit.internal.runners.statements.FailOnTimeout$CallableStatement.call(FailOnTimeout.java:292)
	at java.util.concurrent.FutureTask.run(FutureTask.java:266)
	at java.lang.Thread.run(Thread.java:748)

[MutationTesting]: Finished execution of - test5
[MutationTesting]: Starting execution of - test0
[MutationTesting]: Test execution failed - test0
Stacktrace: java.lang.IllegalStateException: LoginContainerPage not loaded properly
	at po.login.pages.LoginContainerPage.<init>(LoginContainerPage.java:22)
	at main.ClassUnderTest.<init>(ClassUnderTest.java:25)
	at main.ClassUnderTest_ESTest.test0(ClassUnderTest_ESTest.java:40)
	at sun.reflect.NativeMethodAccessorImpl.invoke0(Native Method)
	at sun.reflect.NativeMethodAccessorImpl.invoke(NativeMethodAccessorImpl.java:62)
	at sun.reflect.DelegatingMethodAccessorImpl.invoke(DelegatingMethodAccessorImpl.java:43)
	at java.lang.reflect.Method.invoke(Method.java:498)
	at org.junit.runners.model.FrameworkMethod$1.runReflectiveCall(FrameworkMethod.java:50)
	at org.junit.internal.runners.model.ReflectiveCallable.run(ReflectiveCallable.java:12)
	at org.junit.runners.model.FrameworkMethod.invokeExplosively(FrameworkMethod.java:47)
	at org.junit.internal.runners.statements.InvokeMethod.evaluate(InvokeMethod.java:17)
	at org.junit.internal.runners.statements.FailOnTimeout$CallableStatement.call(FailOnTimeout.java:298)
	at org.junit.internal.runners.statements.FailOnTimeout$CallableStatement.call(FailOnTimeout.java:292)
	at java.util.concurrent.FutureTask.run(FutureTask.java:266)
	at java.lang.Thread.run(Thread.java:748)

[MutationTesting]: Finished execution of - test0
[MutationTesting]: Starting execution of - test1
[MutationTesting]: Test execution failed - test1
Stacktrace: java.lang.IllegalStateException: LoginContainerPage not loaded properly
	at po.login.pages.LoginContainerPage.<init>(LoginContainerPage.java:22)
	at main.ClassUnderTest.<init>(ClassUnderTest.java:25)
	at main.ClassUnderTest_ESTest.test1(ClassUnderTest_ESTest.java:82)
	at sun.reflect.NativeMethodAccessorImpl.invoke0(Native Method)
	at sun.reflect.NativeMethodAccessorImpl.invoke(NativeMethodAccessorImpl.java:62)
	at sun.reflect.DelegatingMethodAccessorImpl.invoke(DelegatingMethodAccessorImpl.java:43)
	at java.lang.reflect.Method.invoke(Method.java:498)
	at org.junit.runners.model.FrameworkMethod$1.runReflectiveCall(FrameworkMethod.java:50)
	at org.junit.internal.runners.model.ReflectiveCallable.run(ReflectiveCallable.java:12)
	at org.junit.runners.model.FrameworkMethod.invokeExplosively(FrameworkMethod.java:47)
	at org.junit.internal.runners.statements.InvokeMethod.evaluate(InvokeMethod.java:17)
	at org.junit.internal.runners.statements.FailOnTimeout$CallableStatement.call(FailOnTimeout.java:298)
	at org.junit.internal.runners.statements.FailOnTimeout$CallableStatement.call(FailOnTimeout.java:292)
	at java.util.concurrent.FutureTask.run(FutureTask.java:266)
	at java.lang.Thread.run(Thread.java:748)

[MutationTesting]: Finished execution of - test1
[MutationTesting]: Number of tests executed - 7
[[1;34mINFO[m] [1m------------------------------------------------------------------------[m
[[1;34mINFO[m] [1;32mBUILD SUCCESS[m
[[1;34mINFO[m] [1m------------------------------------------------------------------------[m
[[1;34mINFO[m] Total time:  39.480 s
[[1;34mINFO[m] Finished at: 2020-08-21T14:35:35Z
[[1;34mINFO[m] [1m------------------------------------------------------------------------[m
